<?xml version="1.0" encoding="UTF-8"?>
<testsuite xmlns:xsi="http://www.w3.org/2001/XMLSchema-instance" xsi:noNamespaceSchemaLocation="https://maven.apache.org/surefire/maven-surefire-plugin/xsd/surefire-test-report.xsd" version="3.0.2" name="com.leilao.score.MotorScoreTest$ScoreFinanciamentoTest" time="0.03" tests="5" errors="0" skipped="0" failures="0">
  <properties>
[...]
</properties>
  <testcase name="bancoNaoCaixa_semBonusCaixa" classname="com.leilao.score.MotorScoreTest$ScoreFinanciamentoTest" time="0.005"/>
  <testcase name="semOpcoes_retornaZero" classname="com.leilao.score.MotorScoreTest$ScoreFinanciamentoTest" time="0.002"/>
  <testcase name="financiamentoEFgts" classname="com.leilao.score.MotorScoreTest$ScoreFinanciamentoTest" time="0.002"/>
  <testcase name="tudoComCaixa_capEm100" classname="com.leilao.score.MotorScoreTest$ScoreFinanciamentoTest" time="0.008"/>
  <testcase name="apenasFinanciamento_retornaBonusFinanciamento" classname="com.leilao.score.MotorScoreTest$ScoreFinanciamentoTest" time="0.003"/>
</testsuite>